<?xml version="1.0" encoding="UTF-8"?>
<testng-results skipped="0" failed="0" total="1" passed="1">
  <reporter-output>
  </reporter-output>
  <suite name="Default suite" duration-ms="1389" started-at="2019-02-03T08:44:12Z" finished-at="2019-02-03T08:44:14Z">
    <groups>
      <group name="cucumber">
        <method signature="AbstractTestNGCucumberTests.feature(cucumber.api.testng.CucumberFeatureWrapper)[pri:0, instance:Runner.RunnerClass@27efef64]" name="feature" class="cucumber.api.testng.AbstractTestNGCucumberTests"/>
      </group> <!-- cucumber -->
    </groups>
    <test name="Default test" duration-ms="1389" started-at="2019-02-03T08:44:12Z" finished-at="2019-02-03T08:44:14Z">
      <class name="Runner.RunnerClass">
        <test-method status="PASS" signature="setUpClass()[pri:0, instance:Runner.RunnerClass@27efef64]" name="setUpClass" is-config="true" duration-ms="484" started-at="2019-02-03T14:44:12Z" finished-at="2019-02-03T14:44:13Z">
          <reporter-output>
          </reporter-output>
        </test-method> <!-- setUpClass -->
        <test-method status="PASS" signature="feature(cucumber.api.testng.CucumberFeatureWrapper)[pri:0, instance:Runner.RunnerClass@27efef64]" name="feature" duration-ms="266" started-at="2019-02-03T14:44:13Z" description="Runs Cucumber Feature" data-provider="features" finished-at="2019-02-03T14:44:13Z">
          <params>
            <param index="0">
              <value>
                <![CDATA[Login feature]]>
              </value>
            </param>
          </params>
          <reporter-output>
          </reporter-output>
        </test-method> <!-- feature -->
        <test-method status="PASS" signature="tearDownClass()[pri:0, instance:Runner.RunnerClass@27efef64]" name="tearDownClass" is-config="true" duration-ms="374" started-at="2019-02-03T14:44:13Z" finished-at="2019-02-03T14:44:14Z">
          <reporter-output>
          </reporter-output>
        </test-method> <!-- tearDownClass -->
      </class> <!-- Runner.RunnerClass -->
    </test> <!-- Default test -->
  </suite> <!-- Default suite -->
</testng-results>
